<?xml version="1.0" encoding="UTF-8"?>
<testsuite xmlns:xsi="http://www.w3.org/2001/XMLSchema-instance" xsi:schemaLocation="https://maven.apache.org/surefire/maven-surefire-plugin/xsd/surefire-test-report.xsd" name="org.pentaho.di.trans.steps.elasticsearchbulk.ElasticSearchBulkMetaInjectionTest" time="1.143" tests="1" errors="0" skipped="0" failures="0">
  <properties>
[...]
</properties>
  <testcase name="test" classname="org.pentaho.di.trans.steps.elasticsearchbulk.ElasticSearchBulkMetaInjectionTest" time="0.134"/>
</testsuite>